c:\users\mbhc4\source\repos\cardgame\cardgame\x64\debug\vc143.pdb
c:\users\mbhc4\source\repos\cardgame\cardgame\x64\debug\vc143.idb
c:\users\mbhc4\source\repos\cardgame\cardgame\x64\debug\startup.obj
c:\users\mbhc4\source\repos\cardgame\cardgame\x64\debug\per.obj
c:\users\mbhc4\source\repos\cardgame\cardgame\x64\debug\menu.obj
c:\users\mbhc4\source\repos\cardgame\cardgame\x64\debug\main.obj
c:\users\mbhc4\source\repos\cardgame\cardgame\x64\debug\hand.obj
c:\users\mbhc4\source\repos\cardgame\cardgame\x64\debug\deck.obj
c:\users\mbhc4\source\repos\cardgame\cardgame\x64\debug\card.obj
c:\users\mbhc4\source\repos\cardgame\cardgame\x64\debug\kurallar.obj
c:\users\mbhc4\source\repos\cardgame\cardgame\x64\debug\renksecim.obj
c:\users\mbhc4\source\repos\cardgame\cardgame\x64\debug\crew.obj
c:\users\mbhc4\source\repos\cardgame\x64\debug\cardgame.exe
c:\users\mbhc4\source\repos\cardgame\cardgame\x64\debug\cardgame.ilk
c:\users\mbhc4\source\repos\cardgame\x64\debug\cardgame.pdb
c:\users\mbhc4\source\repos\cardgame\cardgame\x64\debug\cardgame.tlog\cl.command.1.tlog
c:\users\mbhc4\source\repos\cardgame\cardgame\x64\debug\cardgame.tlog\cl.read.1.tlog
c:\users\mbhc4\source\repos\cardgame\cardgame\x64\debug\cardgame.tlog\cl.write.1.tlog
c:\users\mbhc4\source\repos\cardgame\cardgame\x64\debug\cardgame.tlog\link.command.1.tlog
c:\users\mbhc4\source\repos\cardgame\cardgame\x64\debug\cardgame.tlog\link.read.1.tlog
c:\users\mbhc4\source\repos\cardgame\cardgame\x64\debug\cardgame.tlog\link.write.1.tlog
